<?xml version="1.0" encoding="UTF-8"?>
<!-- Generated by org.testng.reporters.JUnitXMLReporter -->
<testsuite hostname="bad-PC" ignored="0" name="WenTiClCase07" tests="5" failures="0" timestamp="05 一月 2018 03:14:08 GMT" time="192.484" errors="0">
  <testcase name="zjzxDj" time="40.196" classname="com.core.shijianclcase.WenTiClCase07"/>
  <testcase name="pqz1" time="24.806" classname="com.core.shijianclcase.WenTiClCase07"/>
  <testcase name="znb1" time="24.553" classname="com.core.shijianclcase.WenTiClCase07"/>
  <testcase name="wgz2" time="43.968" classname="com.core.shijianclcase.WenTiClCase07"/>
  <testcase name="zjzx2" time="48.269" classname="com.core.shijianclcase.WenTiClCase07"/>
</testsuite> <!-- WenTiClCase07 -->
