<?xml version="1.0" encoding="UTF-8"?>
<!-- Generated by org.testng.reporters.JUnitXMLReporter -->
<testsuite hostname="bad-PC" ignored="0" name="WenTiClCase09" tests="9" failures="0" timestamp="22 十二月 2017 03:37:02 GMT" time="443.808" errors="0">
  <testcase name="ywzxDj" time="61.978" classname="com.core.shijianclcase.WenTiClCase09"/>
  <testcase name="zjzxPaiFa" time="46.324" classname="com.core.shijianclcase.WenTiClCase09"/>
  <testcase name="pqzChuLi" time="27.706" classname="com.core.shijianclcase.WenTiClCase09"/>
  <testcase name="znbChuLi" time="27.688" classname="com.core.shijianclcase.WenTiClCase09"/>
  <testcase name="wgzChuLi" time="47.015" classname="com.core.shijianclcase.WenTiClCase09"/>
  <testcase name="zjzxJieAn" time="45.308" classname="com.core.shijianclcase.WenTiClCase09"/>
  <testcase name="zjzxChuLi" time="27.733" classname="com.core.shijianclcase.WenTiClCase09"/>
  <testcase name="qxznb" time="47.287" classname="com.core.shijianclcase.WenTiClCase09"/>
  <testcase name="ywzxJieAn" time="67.053" classname="com.core.shijianclcase.WenTiClCase09"/>
</testsuite> <!-- WenTiClCase09 -->
