<?xml version="1.0" encoding="UTF-8"?>
<!-- Generated by org.testng.reporters.JUnitXMLReporter -->
<testsuite hostname="bad-PC" ignored="0" name="WenTiClCase08" tests="4" failures="0" timestamp="22 十二月 2017 03:29:39 GMT" time="243.51" errors="0">
  <testcase name="ywzxDj" time="61.919" classname="com.core.shijianclcase.WenTiClCase08"/>
  <testcase name="qxznb" time="45.015" classname="com.core.shijianclcase.WenTiClCase08"/>
  <testcase name="zjzxcl" time="24.688" classname="com.core.shijianclcase.WenTiClCase08"/>
  <testcase name="ywzxja" time="66.365" classname="com.core.shijianclcase.WenTiClCase08"/>
</testsuite> <!-- WenTiClCase08 -->
