<?xml version="1.0" encoding="UTF-8"?>
<!-- Generated by org.testng.reporters.JUnitXMLReporter -->
<testsuite hostname="bad-PC" ignored="0" name="WenTiClCase10" tests="7" failures="0" timestamp="22 十二月 2017 03:43:50 GMT" time="407.601" errors="0">
  <testcase name="ywzxDj" time="64.495" classname="com.core.shijianclcase.WenTiClCase10"/>
  <testcase name="qxznbChuLi" time="47.313" classname="com.core.shijianclcase.WenTiClCase10"/>
  <testcase name="zjzxChuLi" time="39.658" classname="com.core.shijianclcase.WenTiClCase10"/>
  <testcase name="ywzxChongXinPaiFa" time="55.212" classname="com.core.shijianclcase.WenTiClCase10"/>
  <testcase name="qxznbChuLi2" time="47.358" classname="com.core.shijianclcase.WenTiClCase10"/>
  <testcase name="zjzxChuLi2" time="39.935" classname="com.core.shijianclcase.WenTiClCase10"/>
  <testcase name="ywzxJieAn" time="67.361" classname="com.core.shijianclcase.WenTiClCase10"/>
</testsuite> <!-- WenTiClCase10 -->
