<?xml version="1.0" encoding="UTF-8"?>
<!-- Generated by org.testng.reporters.JUnitXMLReporter -->
<testsuite hostname="bad-PC" ignored="0" name="WenTiClCase05" tests="6" failures="0" timestamp="05 一月 2018 03:03:40 GMT" time="238.753" errors="0">
  <testcase name="wgz1" time="53.474" classname="com.core.shijianclcase.WenTiClCase05"/>
  <testcase name="zjzx1" time="32.8" classname="com.core.shijianclcase.WenTiClCase05"/>
  <testcase name="pqz1" time="26.506" classname="com.core.shijianclcase.WenTiClCase05"/>
  <testcase name="znb1" time="26.737" classname="com.core.shijianclcase.WenTiClCase05"/>
  <testcase name="wgz2" time="44.009" classname="com.core.shijianclcase.WenTiClCase05"/>
  <testcase name="zjzx2" time="44.9" classname="com.core.shijianclcase.WenTiClCase05"/>
</testsuite> <!-- WenTiClCase05 -->
