<?xml version="1.0" encoding="UTF-8"?>
<!-- Generated by org.testng.reporters.JUnitXMLReporter -->
<testsuite hostname="bad-PC" ignored="0" name="RenWuClCase02" tests="5" failures="0" timestamp="09 八月 2017 09:07:10 GMT" time="178.293" errors="0">
  <testcase name="ywldRenWuJiaoBanzc_feiJinJi" time="51.461" classname="com.core.renwuclcase.RenWuClCase02"/>
  <testcase name="ywbgsChuLi_feiJinJi" time="19.851" classname="com.core.renwuclcase.RenWuClCase02"/>
  <testcase name="ywzxChuLi_feiJinJi" time="36.948" classname="com.core.renwuclcase.RenWuClCase02"/>
  <testcase name="zjzxChuLi_feiJinJi" time="18.791" classname="com.core.renwuclcase.RenWuClCase02"/>
  <testcase name="qxldShenHe_feiJinJi" time="42.821" classname="com.core.renwuclcase.RenWuClCase02"/>
</testsuite> <!-- RenWuClCase02 -->
