<?xml version="1.0" encoding="UTF-8"?>
<!-- Generated by org.testng.reporters.JUnitXMLReporter -->
<testsuite hostname="bad-PC" ignored="0" name="RenWuClCase13" tests="6" failures="0" timestamp="09 八月 2017 09:30:53 GMT" time="203.434" errors="0">
  <testcase name="qxzxRenWuJiaoBantj" time="40.07" classname="com.core.renwuclcase.RenWuClCase13"/>
  <testcase name="zjzxXiaFa" time="25.138" classname="com.core.renwuclcase.RenWuClCase13"/>
  <testcase name="wgzChuLi" time="36.595" classname="com.core.renwuclcase.RenWuClCase13"/>
  <testcase name="zjzxShenHe" time="34.241" classname="com.core.renwuclcase.RenWuClCase13"/>
  <testcase name="zjzxChuLi" time="18.431" classname="com.core.renwuclcase.RenWuClCase13"/>
  <testcase name="qxzxShenHe" time="41.951" classname="com.core.renwuclcase.RenWuClCase13"/>
</testsuite> <!-- RenWuClCase13 -->
