<?xml version="1.0" encoding="UTF-8"?>
<!-- Generated by org.testng.reporters.JUnitXMLReporter -->
<testsuite hostname="bad-PC" ignored="0" name="RenWuClCase05" tests="3" failures="0" timestamp="09 八月 2017 09:13:42 GMT" time="115.233" errors="0">
  <testcase name="qxzxRenWuJiaoBantj" time="40.588" classname="com.core.renwuclcase.RenWuClCase05"/>
  <testcase name="zjzxChuLi" time="18.547" classname="com.core.renwuclcase.RenWuClCase05"/>
  <testcase name="qxzxShenHe" time="48.646" classname="com.core.renwuclcase.RenWuClCase05"/>
</testsuite> <!-- RenWuClCase05 -->
