<?xml version="1.0" encoding="UTF-8"?>
<!-- Generated by org.testng.reporters.JUnitXMLReporter -->
<testsuite hostname="bad-PC" ignored="0" name="RenWuClCase07" tests="5" failures="0" timestamp="09 八月 2017 09:18:00 GMT" time="141.011" errors="0">
  <testcase name="zjznbRenWuJiaoBantj" time="19.117" classname="com.core.renwuclcase.RenWuClCase07"/>
  <testcase name="zjzxChuLi" time="20.143" classname="com.core.renwuclcase.RenWuClCase07"/>
  <testcase name="wgzChuLi" time="36.807" classname="com.core.renwuclcase.RenWuClCase07"/>
  <testcase name="pqzShenHe" time="23.858" classname="com.core.renwuclcase.RenWuClCase07"/>
  <testcase name="zjznbShenHe" time="33.757" classname="com.core.renwuclcase.RenWuClCase07"/>
</testsuite> <!-- RenWuClCase07 -->
