<?xml version="1.0" encoding="UTF-8"?>
<!-- Generated by org.testng.reporters.JUnitXMLReporter -->
<testsuite hostname="bad-PC" ignored="0" name="RenWuClCase09" tests="3" failures="0" timestamp="09 八月 2017 09:22:22 GMT" time="100.093" errors="0">
  <testcase name="zjzxRenWuJiaoBantj" time="19.163" classname="com.core.renwuclcase.RenWuClCase09"/>
  <testcase name="wgzChuLi" time="38.354" classname="com.core.renwuclcase.RenWuClCase09"/>
  <testcase name="zjzxShenHe" time="33.884" classname="com.core.renwuclcase.RenWuClCase09"/>
</testsuite> <!-- RenWuClCase09 -->
