<?xml version="1.0" encoding="UTF-8"?>
<!-- Generated by org.testng.reporters.JUnitXMLReporter -->
<testsuite hostname="bad-PC" ignored="0" name="RenWuClCase04" tests="4" failures="0" timestamp="22 十二月 2017 07:20:42 GMT" time="199.772" errors="0">
  <testcase name="ywznbRenWuJiaoBantj" time="40.359" classname="com.core.renwuclcase.RenWuClCase04"/>
  <testcase name="ywzxChuLi" time="39.447" classname="com.core.renwuclcase.RenWuClCase04"/>
  <testcase name="zjzxChuLi" time="20.975" classname="com.core.renwuclcase.RenWuClCase04"/>
  <testcase name="qxznbShenHe" time="52.667" classname="com.core.renwuclcase.RenWuClCase04"/>
</testsuite> <!-- RenWuClCase04 -->
