<?xml version="1.0" encoding="UTF-8"?>
<!-- Generated by org.testng.reporters.JUnitXMLReporter -->
<testsuite hostname="bad-PC" ignored="0" name="RenWuClCase08" tests="6" failures="0" timestamp="22 十二月 2017 07:52:23 GMT" time="222.914" errors="0">
  <testcase name="zjznbRenWuJiaoBantj" time="21.773" classname="com.core.renwuclcase.RenWuClCase08"/>
  <testcase name="zjzxChuLi" time="25.052" classname="com.core.renwuclcase.RenWuClCase08"/>
  <testcase name="pqzChuLi" time="25.128" classname="com.core.renwuclcase.RenWuClCase08"/>
  <testcase name="wgzChuLi" time="35.571" classname="com.core.renwuclcase.RenWuClCase08"/>
  <testcase name="pqzShenHe" time="29.42" classname="com.core.renwuclcase.RenWuClCase08"/>
  <testcase name="zjznbShenHe" time="39.529" classname="com.core.renwuclcase.RenWuClCase08"/>
</testsuite> <!-- RenWuClCase08 -->
