<?xml version="1.0" encoding="UTF-8"?>
<!-- Generated by org.testng.reporters.JUnitXMLReporter -->
<testsuite hostname="bad-PC" ignored="0" name="RenWuClCase09" tests="3" failures="0" timestamp="22 十二月 2017 07:54:51 GMT" time="147.631" errors="0">
  <testcase name="zjzxRenWuJiaoBantj" time="20.459" classname="com.core.renwuclcase.RenWuClCase09"/>
  <testcase name="wgzChuLi" time="42.513" classname="com.core.renwuclcase.RenWuClCase09"/>
  <testcase name="zjzxShenHe" time="39.453" classname="com.core.renwuclcase.RenWuClCase09"/>
</testsuite> <!-- RenWuClCase09 -->
