<?xml version="1.0" encoding="UTF-8"?>
<!-- Generated by org.testng.reporters.JUnitXMLReporter -->
<testsuite hostname="bad-PC" ignored="0" name="RenWuClCase13" tests="6" failures="0" timestamp="22 十二月 2017 08:08:15 GMT" time="271.512" errors="0">
  <testcase name="qxzxRenWuJiaoBantj" time="41.581" classname="com.core.renwuclcase.RenWuClCase13"/>
  <testcase name="zjzxXiaFa" time="29.9" classname="com.core.renwuclcase.RenWuClCase13"/>
  <testcase name="wgzChuLi" time="41.961" classname="com.core.renwuclcase.RenWuClCase13"/>
  <testcase name="zjzxShenHe" time="34.318" classname="com.core.renwuclcase.RenWuClCase13"/>
  <testcase name="zjzxChuLi" time="23.794" classname="com.core.renwuclcase.RenWuClCase13"/>
  <testcase name="qxzxShenHe" time="54.361" classname="com.core.renwuclcase.RenWuClCase13"/>
</testsuite> <!-- RenWuClCase13 -->
