<?xml version="1.0" encoding="UTF-8"?>
<!-- Generated by org.testng.reporters.JUnitXMLReporter -->
<testsuite hostname="bad-PC" ignored="0" name="RenWuClCase12" tests="3" failures="0" timestamp="22 十二月 2017 08:03:43 GMT" time="148.453" errors="0">
  <testcase name="pqzRenWuJiaoBantj" time="21.43" classname="com.core.renwuclcase.RenWuClCase12"/>
  <testcase name="wgzChuLi" time="42.605" classname="com.core.renwuclcase.RenWuClCase12"/>
  <testcase name="pqzShenHe" time="39.213" classname="com.core.renwuclcase.RenWuClCase12"/>
</testsuite> <!-- RenWuClCase12 -->
