<?xml version="1.0" encoding="UTF-8"?>
<!-- Generated by org.testng.reporters.JUnitXMLReporter -->
<testsuite hostname="bad-PC" ignored="0" name="RenWuClCase02" tests="5" failures="0" timestamp="22 十二月 2017 07:01:43 GMT" time="251.667" errors="0">
  <testcase name="ywldRenWuJiaoBanzc_feiJinJi" time="52.397" classname="com.core.renwuclcase.RenWuClCase02"/>
  <testcase name="ywbgsChuLi_feiJinJi" time="39.276" classname="com.core.renwuclcase.RenWuClCase02"/>
  <testcase name="ywzxChuLi_feiJinJi" time="39.327" classname="com.core.renwuclcase.RenWuClCase02"/>
  <testcase name="zjzxChuLi_feiJinJi" time="24.878" classname="com.core.renwuclcase.RenWuClCase02"/>
  <testcase name="qxldShenHe_feiJinJi" time="49.814" classname="com.core.renwuclcase.RenWuClCase02"/>
</testsuite> <!-- RenWuClCase02 -->
