<?xml version="1.0" encoding="UTF-8"?>
<!-- Generated by org.testng.reporters.JUnitXMLReporter -->
<testsuite hostname="bad-PC" ignored="0" name="WenTiClCase10" tests="7" failures="0" timestamp="04 八月 2017 03:32:32 GMT" time="321.927" errors="0">
  <testcase name="ywzxDj" time="57.764" classname="com.core.sjclcase.WenTiClCase10"/>
  <testcase name="qxznbChuLi" time="44.616" classname="com.core.sjclcase.WenTiClCase10"/>
  <testcase name="zjzxChuLi" time="25.991" classname="com.core.sjclcase.WenTiClCase10"/>
  <testcase name="ywzxChongXinPaiFa" time="46.003" classname="com.core.sjclcase.WenTiClCase10"/>
  <testcase name="qxznbChuLi2" time="47.006" classname="com.core.sjclcase.WenTiClCase10"/>
  <testcase name="zjzxChuLi2" time="25.994" classname="com.core.sjclcase.WenTiClCase10"/>
  <testcase name="ywzxJieAn" time="67.0" classname="com.core.sjclcase.WenTiClCase10"/>
</testsuite> <!-- WenTiClCase10 -->
