<?xml version="1.0" encoding="UTF-8"?>
<!-- Generated by org.testng.reporters.JUnitXMLReporter -->
<testsuite hostname="bad-PC" ignored="0" name="WenTiClCase07" tests="5" failures="0" timestamp="04 八月 2017 03:17:37 GMT" time="191.389" errors="0">
  <testcase name="zjzxDj" time="44.615" classname="com.core.sjclcase.WenTiClCase07"/>
  <testcase name="pqz1" time="24.428" classname="com.core.sjclcase.WenTiClCase07"/>
  <testcase name="znb1" time="24.242" classname="com.core.sjclcase.WenTiClCase07"/>
  <testcase name="wgz2" time="43.515" classname="com.core.sjclcase.WenTiClCase07"/>
  <testcase name="zjzx2" time="47.165" classname="com.core.sjclcase.WenTiClCase07"/>
</testsuite> <!-- WenTiClCase07 -->
